<?xml version="1.0" encoding="UTF-8"?>
<!-- Generated by org.testng.reporters.JUnitReportReporter -->
<testsuite hostname="DESKTOP-79JM2V3" failures="0" tests="1" name="com.transflower.CanvasTest" time="8.048" errors="0" timestamp="2025-09-15T14:49:34 IST" skipped="0">
  <testcase classname="com.transflower.CanvasTest" name="canvas_element_exists" time="8.048"/>
</testsuite> <!-- com.transflower.CanvasTest -->
