<?xml version="1.0" encoding="UTF-8"?>
<testsuite xmlns:xsi="http://www.w3.org/2001/XMLSchema-instance" xsi:noNamespaceSchemaLocation="https://maven.apache.org/surefire/maven-surefire-plugin/xsd/surefire-test-report-3.0.xsd" version="3.0" name="com.transflower.AppTest" time="0.048" tests="1" errors="0" skipped="0" failures="0">
  <properties>
    <property name="java.specification.version" value="21"/>
    <property name="sun.cpu.isalist" value="amd64"/>
    <property name="sun.jnu.encoding" value="Cp1252"/>
    <property name="java.class.path" value="D:\Ravi\TAP\TAP\weekendjune25\solutions\Week10\TestNG\selenium-testng-demo\target\test-classes;D:\Ravi\TAP\TAP\weekendjune25\solutions\Week10\TestNG\selenium-testng-demo\target\classes;C:\Users\tfladmin\.m2\repository\junit\junit\3.8.1\junit-3.8.1.jar;"/>
    <property name="java.vm.vendor" value="Oracle Corporation"/>
    <property name="sun.arch.data.model" value="64"/>
    <property name="user.variant" value=""/>
    <property name="java.vendor.url" value="https://java.oracle.com/"/>
    <property name="user.timezone" value="Asia/Calcutta"/>
    <property name="os.name" value="Windows 10"/>
    <property name="java.vm.specification.version" value="21"/>
    <property name="sun.java.launcher" value="SUN_STANDARD"/>
    <property name="user.country" value="IN"/>
    <property name="sun.boot.library.path" value="C:\JavaSetup\jdk-21_windows-x64_bin\jdk-21.0.2\bin"/>
    <property name="sun.java.command" value="C:\Users\tfladmin\AppData\Local\Temp\surefire12006009775759418284\surefirebooter-20250914101810062_3.jar C:\Users\tfladmin\AppData\Local\Temp\surefire12006009775759418284 2025-09-14T10-18-09_850-jvmRun1 surefire-20250914101810062_1tmp surefire_0-20250914101810062_2tmp"/>
    <property name="jdk.debug" value="release"/>
    <property name="surefire.test.class.path" value="D:\Ravi\TAP\TAP\weekendjune25\solutions\Week10\TestNG\selenium-testng-demo\target\test-classes;D:\Ravi\TAP\TAP\weekendjune25\solutions\Week10\TestNG\selenium-testng-demo\target\classes;C:\Users\tfladmin\.m2\repository\junit\junit\3.8.1\junit-3.8.1.jar;"/>
    <property name="sun.cpu.endian" value="little"/>
    <property name="user.home" value="C:\Users\tfladmin"/>
    <property name="user.language" value="en"/>
    <property name="java.specification.vendor" value="Oracle Corporation"/>
    <property name="java.version.date" value="2024-01-16"/>
    <property name="java.home" value="C:\JavaSetup\jdk-21_windows-x64_bin\jdk-21.0.2"/>
    <property name="file.separator" value="\"/>
    <property name="basedir" value="D:\Ravi\TAP\TAP\weekendjune25\solutions\Week10\TestNG\selenium-testng-demo"/>
    <property name="java.vm.compressedOopsMode" value="Zero based"/>
    <property name="line.separator" value="&#10;"/>
    <property name="java.vm.specification.vendor" value="Oracle Corporation"/>
    <property name="java.specification.name" value="Java Platform API Specification"/>
    <property name="surefire.real.class.path" value="C:\Users\tfladmin\AppData\Local\Temp\surefire12006009775759418284\surefirebooter-20250914101810062_3.jar"/>
    <property name="user.script" value=""/>
    <property name="sun.management.compiler" value="HotSpot 64-Bit Tiered Compilers"/>
    <property name="java.runtime.version" value="21.0.2+13-LTS-58"/>
    <property name="user.name" value="tfladmin"/>
    <property name="stdout.encoding" value="Cp1252"/>
    <property name="path.separator" value=";"/>
    <property name="os.version" value="10.0"/>
    <property name="java.runtime.name" value="Java(TM) SE Runtime Environment"/>
    <property name="file.encoding" value="UTF-8"/>
    <property name="java.vm.name" value="Java HotSpot(TM) 64-Bit Server VM"/>
    <property name="localRepository" value="C:\Users\tfladmin\.m2\repository"/>
    <property name="java.vendor.url.bug" value="https://bugreport.java.com/bugreport/"/>
    <property name="java.io.tmpdir" value="C:\Users\tfladmin\AppData\Local\Temp\"/>
    <property name="java.version" value="21.0.2"/>
    <property name="user.dir" value="D:\Ravi\TAP\TAP\weekendjune25\solutions\Week10\TestNG\selenium-testng-demo"/>
    <property name="os.arch" value="amd64"/>
    <property name="java.vm.specification.name" value="Java Virtual Machine Specification"/>
    <property name="sun.os.patch.level" value=""/>
    <property name="native.encoding" value="Cp1252"/>
    <property name="java.library.path" value="C:\JavaSetup\jdk-21_windows-x64_bin\jdk-21.0.2\bin;C:\Windows\Sun\Java\bin;C:\Windows\system32;C:\Windows;D:\Installation\protoc-31.0-win64\bin;C:\Users\tfladmin\AppData\Local\Programs\Python\Python312;C:\JavaSetup\jdk-21_windows-x64_bin\jdk-21.0.2;C:\JavaSetup\jdk-21_windows-x64_bin\jdk-21.0.2\bin;C:\JavaSetup\apache-maven-3.9.6-bin\apache-maven-3.9.6;C:\JavaSetup\apache-maven-3.9.6-bin\apache-maven-3.9.6\bin;C:\Program Files\Apache Software Foundation\Tomcat 9.0\bin;C:\Program Files\Microsoft\jdk-17.0.5.8-hotspot\bin;C:\Windows\system32;C:\Windows;C:\Windows\System32\Wbem;C:\Windows\System32\WindowsPowerShell\v1.0\;C:\Windows\System32\OpenSSH\;C:\Program Files\Git\cmd;C:\Program Files\PuTTY\;C:\Program Files\dotnet\;C:\Program Files\Redis\;C:\Program Files\Microsoft SQL Server\150\Tools\Binn\;C:\Program Files\Microsoft SQL Server\Client SDK\ODBC\170\Tools\Binn\;C:\Program Files (x86)\Microsoft SQL Server\150\Tools\Binn\;C:\Program Files\Microsoft SQL Server\150\DTS\Binn\;C:\Program Files (x86)\Microsoft SQL Server\160\DTS\Binn\;C:\Program Files\Azure Data Studio\bin;C:\Program Files (x86)\Windows Kits\10\Windows Performance Toolkit\;C:\Program Files\nodejs\;C:\Program Files\MySQL\MySQL Server 8.4\lib;C:\Program Files\MySQL\MySQL Server 8.4\Include;C:\mingw64\bin;C:\Program Files\CMake\bin;C:\Program Files\Docker\Docker\resources\bin;C:\Users\tfladmin\AppData\Local\Programs\Python\Python312\Scripts\;C:\Users\tfladmin\AppData\Local\Programs\Python\Python312;C:\Users\tfladmin\AppData\Local\Programs\Python\Launcher\;C:\Users\tfladmin\AppData\Roaming\.dotnet;C:\Users\tfladmin\AppData\Local\Programs\Eclipse Adoptium\jdk-17.0.4.101-hotspot\bin;C:\Users\tfladmin\AppData\Local\Microsoft\WindowsApps;C:\Users\tfladmin\AppData\Local\Programs\Microsoft VS Code\bin;C:\mingw64\bin;C:\Users\tfladmin\.dotnet\tools;C:\Users\tfladmin\.dotnet\tools;C:\Program Files\Azure Data Studio\bin;C:\Users\tfladmin\AppData\Roaming\npm;;."/>
    <property name="java.vm.info" value="mixed mode, sharing"/>
    <property name="stderr.encoding" value="Cp1252"/>
    <property name="java.vendor" value="Oracle Corporation"/>
    <property name="java.vm.version" value="21.0.2+13-LTS-58"/>
    <property name="sun.io.unicode.encoding" value="UnicodeLittle"/>
    <property name="java.class.version" value="65.0"/>
  </properties>
  <testcase name="testApp" classname="com.transflower.AppTest" time="0.006"/>
</testsuite>