<?xml version="1.0" encoding="UTF-8"?>
<!-- Generated by org.testng.reporters.JUnitReportReporter -->
<testsuite hostname="DESKTOP-79JM2V3" failures="0" tests="1" name="com.transflower.DownloadTest" time="3.669" errors="0" timestamp="2025-09-15T14:49:34 IST" skipped="0">
  <testcase classname="com.transflower.DownloadTest" name="verify_download_link_exists" time="3.669"/>
</testsuite> <!-- com.transflower.DownloadTest -->
