<?xml version="1.0" encoding="UTF-8"?>
<!-- Generated by org.testng.reporters.JUnitReportReporter -->
<testsuite hostname="DESKTOP-79JM2V3" failures="0" tests="2" name="com.transflower.LoginTest" time="0.662" errors="0" timestamp="2025-09-15T14:49:34 IST" skipped="0">
  <testcase classname="com.transflower.LoginTest" name="testLoginButtonExists" time="0.588"/>
  <testcase classname="com.transflower.LoginTest" name="testLoginPageTitle" time="0.074"/>
</testsuite> <!-- com.transflower.LoginTest -->
