<?xml version="1.0" encoding="UTF-8"?>
<!-- Generated by org.testng.reporters.JUnitReportReporter -->
<testsuite hostname="DESKTOP-79JM2V3" failures="0" tests="4" name="com.test.app.RegisterTest" time="1.073" errors="0" timestamp="2025-09-19T12:35:21 IST" skipped="0">
  <testcase classname="com.test.app.RegisterTest" name="testdate" time="0.138"/>
  <testcase classname="com.test.app.RegisterTest" name="testNumber" time="0.312"/>
  <testcase classname="com.test.app.RegisterTest" name="testmail" time="0.106"/>
  <testcase classname="com.test.app.RegisterTest" name="testName" time="0.517"/>
</testsuite> <!-- com.test.app.RegisterTest -->
