<?xml version="1.0" encoding="UTF-8"?>
<!-- Generated by org.testng.reporters.JUnitReportReporter -->
<testsuite hostname="DESKTOP-79JM2V3" failures="0" tests="4" name="com.test.app.LoginTest" time="1.396" errors="0" timestamp="2025-09-17T18:10:44 IST" skipped="0">
  <testcase classname="com.test.app.LoginTest" name="testName" time="0.223"/>
  <testcase classname="com.test.app.LoginTest" name="testPassword" time="0.117"/>
  <testcase classname="com.test.app.LoginTest" name="testTitle" time="0.077"/>
  <testcase classname="com.test.app.LoginTest" name="loginSuccess" time="0.979"/>
</testsuite> <!-- com.test.app.LoginTest -->
