<?xml version="1.0" encoding="UTF-8"?>
<!-- Generated by org.testng.reporters.JUnitReportReporter -->
<testsuite hostname="DESKTOP-79JM2V3" failures="0" tests="3" name="com.test.app.LoginTest" time="2.118" errors="0" timestamp="2025-09-19T17:36:40 IST" skipped="0">
  <testcase classname="com.test.app.LoginTest" name="testTitle" time="0.082"/>
  <testcase classname="com.test.app.LoginTest" name="testPassword" time="0.119"/>
  <testcase classname="com.test.app.LoginTest" name="testName" time="1.917"/>
</testsuite> <!-- com.test.app.LoginTest -->
