<?xml version="1.0" encoding="UTF-8"?>
<!-- Generated by org.testng.reporters.JUnitReportReporter -->
<testsuite hostname="DESKTOP-79JM2V3" failures="0" tests="3" name="com.test.app.LoginTest" time="0.739" errors="0" timestamp="2025-09-21T15:23:13 IST" skipped="0">
  <testcase classname="com.test.app.LoginTest" name="testPassword" time="0.142"/>
  <testcase classname="com.test.app.LoginTest" name="testTitle" time="0.115"/>
  <testcase classname="com.test.app.LoginTest" name="testName" time="0.482"/>
</testsuite> <!-- com.test.app.LoginTest -->
