<?xml version="1.0" encoding="UTF-8"?>
<!-- Generated by org.testng.reporters.JUnitReportReporter -->
<testsuite hostname="DESKTOP-79JM2V3" failures="0" tests="1" name="com.test.app.RegisterTest" time="5.471" errors="0" timestamp="2025-09-21T15:23:13 IST" skipped="0">
  <testcase classname="com.test.app.RegisterTest" name="testName" time="5.471"/>
</testsuite> <!-- com.test.app.RegisterTest -->
