<?xml version="1.0" encoding="UTF-8"?>
<!-- Generated by org.testng.reporters.JUnitReportReporter -->
<testsuite hostname="DESKTOP-79JM2V3" failures="0" tests="1" name="com.test.app.RegisterTest" time="5.005" errors="0" timestamp="2025-09-19T17:36:40 IST" skipped="0">
  <testcase classname="com.test.app.RegisterTest" name="testName" time="5.005"/>
</testsuite> <!-- com.test.app.RegisterTest -->
