<?xml version="1.0" encoding="UTF-8"?>
<!-- Generated by org.testng.reporters.JUnitReportReporter -->
<testsuite hostname="DESKTOP-79JM2V3" failures="0" tests="3" name="com.test.app.LoginTest" time="0.763" errors="0" timestamp="2025-09-19T12:35:21 IST" skipped="0">
  <testcase classname="com.test.app.LoginTest" name="testName" time="0.569"/>
  <testcase classname="com.test.app.LoginTest" name="testTitle" time="0.064"/>
  <testcase classname="com.test.app.LoginTest" name="testPassword" time="0.130"/>
</testsuite> <!-- com.test.app.LoginTest -->
